[2018-08-16 18:01:06] Текст ошибки: DB is not connection! | Файл: D:\OSPanel\domains\myShop\vendor\myShop\core\Db.php | Строка: 16
--------------
[2018-08-16 20:13:44] Текст ошибки: Class 'Composer\Cache' not found | Файл: D:\OSPanel\domains\myShop\app\controllers\MainController.php | Строка: 18
--------------
[2018-08-16 20:34:56] Текст ошибки: Page not found | Файл: D:\OSPanel\domains\myShop\vendor\myShop\core\Router.php | Строка: 44
--------------
[2018-08-16 20:34:56] Текст ошибки: Page not found | Файл: D:\OSPanel\domains\myShop\vendor\myShop\core\Router.php | Строка: 44
--------------
[2018-08-16 20:34:56] Текст ошибки: Page not found | Файл: D:\OSPanel\domains\myShop\vendor\myShop\core\Router.php | Строка: 44
--------------
[2018-08-16 20:34:56] Текст ошибки: Page not found | Файл: D:\OSPanel\domains\myShop\vendor\myShop\core\Router.php | Строка: 44
--------------
[2018-08-16 20:34:56] Текст ошибки: Page not found | Файл: D:\OSPanel\domains\myShop\vendor\myShop\core\Router.php | Строка: 44
--------------
[2018-08-16 20:34:56] Текст ошибки: Page not found | Файл: D:\OSPanel\domains\myShop\vendor\myShop\core\Router.php | Строка: 44
--------------
[2018-08-16 20:34:56] Текст ошибки: Page not found | Файл: D:\OSPanel\domains\myShop\vendor\myShop\core\Router.php | Строка: 44
--------------
[2018-08-16 20:34:56] Текст ошибки: Page not found | Файл: D:\OSPanel\domains\myShop\vendor\myShop\core\Router.php | Строка: 44
--------------
[2018-08-16 20:34:56] Текст ошибки: Page not found | Файл: D:\OSPanel\domains\myShop\vendor\myShop\core\Router.php | Строка: 44
--------------
[2018-08-16 20:34:56] Текст ошибки: Page not found | Файл: D:\OSPanel\domains\myShop\vendor\myShop\core\Router.php | Строка: 44
--------------
[2018-08-16 20:34:56] Текст ошибки: Page not found | Файл: D:\OSPanel\domains\myShop\vendor\myShop\core\Router.php | Строка: 44
--------------
[2018-08-16 20:34:56] Текст ошибки: Page not found | Файл: D:\OSPanel\domains\myShop\vendor\myShop\core\Router.php | Строка: 44
--------------
[2018-08-16 20:34:56] Текст ошибки: Page not found | Файл: D:\OSPanel\domains\myShop\vendor\myShop\core\Router.php | Строка: 44
--------------
[2018-08-16 20:34:56] Текст ошибки: Page not found | Файл: D:\OSPanel\domains\myShop\vendor\myShop\core\Router.php | Строка: 44
--------------
[2018-08-16 20:34:56] Текст ошибки: Page not found | Файл: D:\OSPanel\domains\myShop\vendor\myShop\core\Router.php | Строка: 44
--------------
[2018-08-16 20:34:56] Текст ошибки: Page not found | Файл: D:\OSPanel\domains\myShop\vendor\myShop\core\Router.php | Строка: 44
--------------
[2018-08-16 20:34:56] Текст ошибки: Page not found | Файл: D:\OSPanel\domains\myShop\vendor\myShop\core\Router.php | Строка: 44
--------------
[2018-08-16 20:34:56] Текст ошибки: Page not found | Файл: D:\OSPanel\domains\myShop\vendor\myShop\core\Router.php | Строка: 44
--------------
[2018-08-16 20:34:56] Текст ошибки: Page not found | Файл: D:\OSPanel\domains\myShop\vendor\myShop\core\Router.php | Строка: 44
--------------
[2018-08-16 20:34:56] Текст ошибки: Page not found | Файл: D:\OSPanel\domains\myShop\vendor\myShop\core\Router.php | Строка: 44
--------------
[2018-08-16 20:34:56] Текст ошибки: Page not found | Файл: D:\OSPanel\domains\myShop\vendor\myShop\core\Router.php | Строка: 44
--------------
[2018-08-16 20:34:56] Текст ошибки: Page not found | Файл: D:\OSPanel\domains\myShop\vendor\myShop\core\Router.php | Строка: 44
--------------
[2018-08-16 20:34:56] Текст ошибки: Page not found | Файл: D:\OSPanel\domains\myShop\vendor\myShop\core\Router.php | Строка: 44
--------------
[2018-08-16 20:34:56] Текст ошибки: Page not found | Файл: D:\OSPanel\domains\myShop\vendor\myShop\core\Router.php | Строка: 44
--------------
[2018-08-16 20:34:56] Текст ошибки: Page not found | Файл: D:\OSPanel\domains\myShop\vendor\myShop\core\Router.php | Строка: 44
--------------
[2018-08-16 20:34:56] Текст ошибки: Page not found | Файл: D:\OSPanel\domains\myShop\vendor\myShop\core\Router.php | Строка: 44
--------------
[2018-08-16 20:34:56] Текст ошибки: Page not found | Файл: D:\OSPanel\domains\myShop\vendor\myShop\core\Router.php | Строка: 44
--------------
[2018-08-16 20:34:56] Текст ошибки: Page not found | Файл: D:\OSPanel\domains\myShop\vendor\myShop\core\Router.php | Строка: 44
--------------
[2018-08-16 20:34:56] Текст ошибки: Page not found | Файл: D:\OSPanel\domains\myShop\vendor\myShop\core\Router.php | Строка: 44
--------------
[2018-08-16 20:34:56] Текст ошибки: Page not found | Файл: D:\OSPanel\domains\myShop\vendor\myShop\core\Router.php | Строка: 44
--------------
[2018-08-16 20:34:56] Текст ошибки: Page not found | Файл: D:\OSPanel\domains\myShop\vendor\myShop\core\Router.php | Строка: 44
--------------
[2018-08-16 20:34:56] Текст ошибки: Page not found | Файл: D:\OSPanel\domains\myShop\vendor\myShop\core\Router.php | Строка: 44
--------------
[2018-08-16 20:34:56] Текст ошибки: Page not found | Файл: D:\OSPanel\domains\myShop\vendor\myShop\core\Router.php | Строка: 44
--------------
[2018-08-16 20:34:56] Текст ошибки: Page not found | Файл: D:\OSPanel\domains\myShop\vendor\myShop\core\Router.php | Строка: 44
--------------
[2018-08-16 20:34:56] Текст ошибки: Page not found | Файл: D:\OSPanel\domains\myShop\vendor\myShop\core\Router.php | Строка: 44
--------------
[2018-08-16 20:34:56] Текст ошибки: Page not found | Файл: D:\OSPanel\domains\myShop\vendor\myShop\core\Router.php | Строка: 44
--------------
[2018-08-16 20:34:57] Текст ошибки: Controller app\controllers\ImagesController not found | Файл: D:\OSPanel\domains\myShop\vendor\myShop\core\Router.php | Строка: 41
--------------
[2018-08-16 20:36:59] Текст ошибки: Page not found | Файл: D:\OSPanel\domains\myShop\vendor\myShop\core\Router.php | Строка: 44
--------------
[2018-08-16 20:36:59] Текст ошибки: Page not found | Файл: D:\OSPanel\domains\myShop\vendor\myShop\core\Router.php | Строка: 44
--------------
[2018-08-16 20:36:59] Текст ошибки: Page not found | Файл: D:\OSPanel\domains\myShop\vendor\myShop\core\Router.php | Строка: 44
--------------
[2018-08-16 20:36:59] Текст ошибки: Page not found | Файл: D:\OSPanel\domains\myShop\vendor\myShop\core\Router.php | Строка: 44
--------------
[2018-08-16 20:36:59] Текст ошибки: Page not found | Файл: D:\OSPanel\domains\myShop\vendor\myShop\core\Router.php | Строка: 44
--------------
[2018-08-16 20:36:59] Текст ошибки: Page not found | Файл: D:\OSPanel\domains\myShop\vendor\myShop\core\Router.php | Строка: 44
--------------
[2018-08-16 20:36:59] Текст ошибки: Page not found | Файл: D:\OSPanel\domains\myShop\vendor\myShop\core\Router.php | Строка: 44
--------------
[2018-08-16 20:36:59] Текст ошибки: Page not found | Файл: D:\OSPanel\domains\myShop\vendor\myShop\core\Router.php | Строка: 44
--------------
[2018-08-16 20:36:59] Текст ошибки: Page not found | Файл: D:\OSPanel\domains\myShop\vendor\myShop\core\Router.php | Строка: 44
--------------
[2018-08-16 20:36:59] Текст ошибки: Page not found | Файл: D:\OSPanel\domains\myShop\vendor\myShop\core\Router.php | Строка: 44
--------------
[2018-08-16 20:36:59] Текст ошибки: Page not found | Файл: D:\OSPanel\domains\myShop\vendor\myShop\core\Router.php | Строка: 44
--------------
[2018-08-16 20:36:59] Текст ошибки: Page not found | Файл: D:\OSPanel\domains\myShop\vendor\myShop\core\Router.php | Строка: 44
--------------
[2018-08-16 20:36:59] Текст ошибки: Page not found | Файл: D:\OSPanel\domains\myShop\vendor\myShop\core\Router.php | Строка: 44
--------------
[2018-08-16 20:36:59] Текст ошибки: Page not found | Файл: D:\OSPanel\domains\myShop\vendor\myShop\core\Router.php | Строка: 44
--------------
[2018-08-16 20:36:59] Текст ошибки: Page not found | Файл: D:\OSPanel\domains\myShop\vendor\myShop\core\Router.php | Строка: 44
--------------
[2018-08-16 20:36:59] Текст ошибки: Page not found | Файл: D:\OSPanel\domains\myShop\vendor\myShop\core\Router.php | Строка: 44
--------------
[2018-08-16 20:36:59] Текст ошибки: Page not found | Файл: D:\OSPanel\domains\myShop\vendor\myShop\core\Router.php | Строка: 44
--------------
[2018-08-16 20:36:59] Текст ошибки: Page not found | Файл: D:\OSPanel\domains\myShop\vendor\myShop\core\Router.php | Строка: 44
--------------
[2018-08-16 20:36:59] Текст ошибки: Page not found | Файл: D:\OSPanel\domains\myShop\vendor\myShop\core\Router.php | Строка: 44
--------------
[2018-08-16 20:36:59] Текст ошибки: Page not found | Файл: D:\OSPanel\domains\myShop\vendor\myShop\core\Router.php | Строка: 44
--------------
[2018-08-16 20:36:59] Текст ошибки: Page not found | Файл: D:\OSPanel\domains\myShop\vendor\myShop\core\Router.php | Строка: 44
--------------
[2018-08-16 20:36:59] Текст ошибки: Page not found | Файл: D:\OSPanel\domains\myShop\vendor\myShop\core\Router.php | Строка: 44
--------------
[2018-08-16 20:36:59] Текст ошибки: Page not found | Файл: D:\OSPanel\domains\myShop\vendor\myShop\core\Router.php | Строка: 44
--------------
[2018-08-16 20:36:59] Текст ошибки: Page not found | Файл: D:\OSPanel\domains\myShop\vendor\myShop\core\Router.php | Строка: 44
--------------
[2018-08-16 20:36:59] Текст ошибки: Page not found | Файл: D:\OSPanel\domains\myShop\vendor\myShop\core\Router.php | Строка: 44
--------------
[2018-08-16 20:36:59] Текст ошибки: Page not found | Файл: D:\OSPanel\domains\myShop\vendor\myShop\core\Router.php | Строка: 44
--------------
[2018-08-16 20:36:59] Текст ошибки: Page not found | Файл: D:\OSPanel\domains\myShop\vendor\myShop\core\Router.php | Строка: 44
--------------
[2018-08-16 20:36:59] Текст ошибки: Page not found | Файл: D:\OSPanel\domains\myShop\vendor\myShop\core\Router.php | Строка: 44
--------------
[2018-08-16 20:36:59] Текст ошибки: Page not found | Файл: D:\OSPanel\domains\myShop\vendor\myShop\core\Router.php | Строка: 44
--------------
[2018-08-16 20:36:59] Текст ошибки: Page not found | Файл: D:\OSPanel\domains\myShop\vendor\myShop\core\Router.php | Строка: 44
--------------
[2018-08-16 20:36:59] Текст ошибки: Page not found | Файл: D:\OSPanel\domains\myShop\vendor\myShop\core\Router.php | Строка: 44
--------------
[2018-08-16 20:36:59] Текст ошибки: Page not found | Файл: D:\OSPanel\domains\myShop\vendor\myShop\core\Router.php | Строка: 44
--------------
[2018-08-16 20:36:59] Текст ошибки: Page not found | Файл: D:\OSPanel\domains\myShop\vendor\myShop\core\Router.php | Строка: 44
--------------
[2018-08-16 20:36:59] Текст ошибки: Page not found | Файл: D:\OSPanel\domains\myShop\vendor\myShop\core\Router.php | Строка: 44
--------------
[2018-08-16 20:36:59] Текст ошибки: Page not found | Файл: D:\OSPanel\domains\myShop\vendor\myShop\core\Router.php | Строка: 44
--------------
[2018-08-16 20:37:00] Текст ошибки: Page not found | Файл: D:\OSPanel\domains\myShop\vendor\myShop\core\Router.php | Строка: 44
--------------
[2018-08-16 20:37:00] Текст ошибки: Page not found | Файл: D:\OSPanel\domains\myShop\vendor\myShop\core\Router.php | Строка: 44
--------------
[2018-08-16 20:37:00] Текст ошибки: Page not found | Файл: D:\OSPanel\domains\myShop\vendor\myShop\core\Router.php | Строка: 44
--------------
[2018-08-16 20:38:45] Текст ошибки: Page not found | Файл: D:\OSPanel\domains\myShop\vendor\myShop\core\Router.php | Строка: 44
--------------
[2018-08-16 20:45:10] Текст ошибки: Page not found | Файл: D:\OSPanel\domains\myShop\vendor\myShop\core\Router.php | Строка: 44
--------------
[2018-08-16 21:02:52] Текст ошибки: Page not found | Файл: D:\OSPanel\domains\myShop\vendor\myShop\core\Router.php | Строка: 44
--------------
[2018-08-22 09:19:45] Текст ошибки: Page not found | Файл: D:\OSPanel\domains\myShop\vendor\myShop\core\Router.php | Строка: 44
--------------
[2018-08-22 09:19:46] Текст ошибки: Page not found | Файл: D:\OSPanel\domains\myShop\vendor\myShop\core\Router.php | Строка: 44
--------------
[2018-08-22 09:25:22] Текст ошибки: Page not found | Файл: D:\OSPanel\domains\myShop\vendor\myShop\core\Router.php | Строка: 44
--------------
